<?xml version="1.0" encoding="UTF-8"?>
<!-- Generated by org.testng.reporters.JUnitReportReporter -->
<testsuite hostname="DESKTOP-T2I88J5" failures="0" tests="1" name="com.wadiaa.lending.qa.Base_Class_Admin" time="0.483" errors="0" timestamp="2024-08-21T15:38:26 IST" skipped="0">
  <testcase classname="com.wadiaa.lending.qa.Base_Class_Admin" name="login" time="0.483"/>
</testsuite> <!-- com.wadiaa.lending.qa.Base_Class_Admin -->
