<?xml version="1.0" encoding="UTF-8"?>
<!-- Generated by org.testng.reporters.JUnitReportReporter -->
<testsuite hostname="DESKTOP-T2I88J5" failures="0" tests="1" name="com.wadiaa.lending.qa.TestCases_Term_Loan_Stepper" time="13.614" errors="0" timestamp="2024-09-03T11:09:31 IST" skipped="0">
  <testcase classname="com.wadiaa.lending.qa.TestCases_Term_Loan_Stepper" name="verifyTermLoanTestCases" time="13.614"/>
</testsuite> <!-- com.wadiaa.lending.qa.TestCases_Term_Loan_Stepper -->
